<?xml version="1.0" encoding="UTF-8"?>
<testsuites name="login_test" time="9" tests="1" failures="1" errors="0">
   <testsuite name="login_test" tests="1" failures="1" errors="0" time="9" timestamp="2018-06-24 17:57:10" hostname="user - mw" id="Test Suites/login_test">
      <properties>
         <property name="deviceName" value=""/>
         <property name="devicePlatform" value=""/>
         <property name="logFolder" value="C:\\xampp\\htdocs\\selenium-tests\\tests\\mw_test\\Reports\\login_test\\20180624_175709"/>
         <property name="logFiles" value="C:\\xampp\\htdocs\\selenium-tests\\tests\\mw_test\\Reports\\login_test\\20180624_175709\\execution0.log"/>
         <property name="attachments" value="C:\\xampp\\htdocs\\selenium-tests\\tests\\mw_test\\Reports\\login_test\\20180624_175709\\1529852238522.png, C:\\xampp\\htdocs\\selenium-tests\\tests\\mw_test\\Reports\\login_test\\20180624_175709\\1529852239204.png"/>
         <property name="hostName" value="user - mw"/>
         <property name="os" value="Windows 7 64bit"/>
         <property name="katalonVersion" value="5.4.2.1"/>
         <property name="browser" value="Chrome 67.0.3396.87"/>
         <property name="hostAddress" value="192.168.56.1"/>
         <property name="sessionId" value="4e2a2f35167e3bb466b285532f55f226"/>
         <property name="seleniumVersion" value="3.7.1"/>
         <property name="proxyInformation" value="ProxyInformation{proxyOption=NO_PROXY, proxyServerType=HTTP, password=, proxyServerAddress=, proxyServerPort=0}"/>
         <property name="platform" value="Windows 7"/>
      </properties>
      <testcase name="Test Cases/logged_in_user/test_login" classname="Test Cases/logged_in_user/test_login" status="PASSED">
         <system-out><![CDATA[2018-06-24 17:57:10 - [TEST_CASE][PASSED] - Test Cases/logged_in_user/test_login: Test Cases/logged_in_user/test_login

2018-06-24 17:57:11 - [TEST_STEP][PASSED] - openBrowser: Browser is opened with url: 'http://localhost/microweber//admin'

2018-06-24 17:57:13 - [MESSAGE][PASSED] - Browser is opened with url: 'http://localhost/microweber//admin'

2018-06-24 17:57:13 - [TEST_STEP][PASSED] - Statement - driver = com.kms.katalon.core.webui.driver.DriverFactory.getWebDriver(): null

2018-06-24 17:57:13 - [TEST_STEP][PASSED] - Statement - driver.manage().window().maximize(): null

2018-06-24 17:57:13 - [TEST_STEP][PASSED] - Statement - baseUrl = test_site_url + "/admin": null

2018-06-24 17:57:13 - [TEST_STEP][PASSED] - Statement - selenium = new com.thoughtworks.selenium.webdriven.WebDriverBackedSelenium(driver, baseUrl): null

2018-06-24 17:57:13 - [TEST_STEP][PASSED] - Statement - selenium.windowMaximize(): null

2018-06-24 17:57:13 - [TEST_STEP][PASSED] - Statement - selenium.open(baseUrl): null

2018-06-24 17:57:13 - [TEST_STEP][PASSED] - Statement - For ([second = 0, <not implemented yet for class: org.codehaus.groovy.ast.expr.EmptyExpression>, (second++)]): null

2018-06-24 17:57:13 - [TEST_STEP][PASSED] - Statement - If (second >= 60): null

2018-06-24 17:57:13 - [TEST_STEP][PASSED] - Statement - Try: null

2018-06-24 17:57:13 - [TEST_STEP][PASSED] - Statement - If (selenium.isVisible("name=username")): null

2018-06-24 17:57:13 - [TEST_STEP][PASSED] - Statement - selenium.click("name=username"): null

2018-06-24 17:57:14 - [TEST_STEP][PASSED] - Statement - selenium.type("name=username", "admin"): null

2018-06-24 17:57:14 - [TEST_STEP][PASSED] - Statement - For ([second = 0, <not implemented yet for class: org.codehaus.groovy.ast.expr.EmptyExpression>, (second++)]): null

2018-06-24 17:57:14 - [TEST_STEP][PASSED] - Statement - If (second >= 60): null

2018-06-24 17:57:14 - [TEST_STEP][PASSED] - Statement - Try: null

2018-06-24 17:57:14 - [TEST_STEP][PASSED] - Statement - If (selenium.isVisible("name=password")): null

2018-06-24 17:57:14 - [TEST_STEP][PASSED] - Statement - selenium.click("name=password"): null

2018-06-24 17:57:14 - [TEST_STEP][PASSED] - Statement - selenium.type("name=password", "password"): null

2018-06-24 17:57:14 - [TEST_STEP][PASSED] - Statement - selenium.click("//input[@value='Login']"): null

2018-06-24 17:57:14 - [TEST_STEP][PASSED] - Statement - For ([second = 0, <not implemented yet for class: org.codehaus.groovy.ast.expr.EmptyExpression>, (second++)]): null

2018-06-24 17:57:14 - [TEST_STEP][PASSED] - Statement - If (second >= 60): null

2018-06-24 17:57:14 - [TEST_STEP][PASSED] - Statement - Try: null

2018-06-24 17:57:14 - [TEST_STEP][PASSED] - Statement - If (selenium.isVisible("link=Website")): null

2018-06-24 17:57:14 - [TEST_STEP][PASSED] - Statement - Catch (Exception e): null

2018-06-24 17:57:14 - [TEST_STEP][PASSED] - Statement - java.lang.Thread.sleep(1000): null

2018-06-24 17:57:15 - [TEST_STEP][PASSED] - Statement - If (second >= 60): null

2018-06-24 17:57:15 - [TEST_STEP][PASSED] - Statement - Try: null

2018-06-24 17:57:15 - [TEST_STEP][PASSED] - Statement - If (selenium.isVisible("link=Website")): null

2018-06-24 17:57:15 - [TEST_STEP][PASSED] - Statement - selenium.click("link=Website"): null

2018-06-24 17:57:16 - [TEST_STEP][PASSED] - Statement - For ([second = 0, <not implemented yet for class: org.codehaus.groovy.ast.expr.EmptyExpression>, (second++)]): null

2018-06-24 17:57:16 - [TEST_STEP][PASSED] - Statement - If (second >= 60): null

2018-06-24 17:57:16 - [TEST_STEP][PASSED] - Statement - Try: null

2018-06-24 17:57:16 - [TEST_STEP][PASSED] - Statement - If (selenium.isVisible("link=Add new page")): null

2018-06-24 17:57:16 - [TEST_STEP][PASSED] - Statement - Catch (Exception e): null

2018-06-24 17:57:16 - [TEST_STEP][PASSED] - Statement - java.lang.Thread.sleep(1000): null

2018-06-24 17:57:17 - [TEST_STEP][PASSED] - Statement - If (second >= 60): null

2018-06-24 17:57:17 - [TEST_STEP][PASSED] - Statement - Try: null

2018-06-24 17:57:17 - [TEST_STEP][PASSED] - Statement - If (selenium.isVisible("link=Add new page")): null]]></system-out>
         <system-err><![CDATA[]]></system-err>
      </testcase>
      <testcase name="Test Cases/logged_in_user/add_page" classname="Test Cases/logged_in_user/add_page" status="FAILED">
         <failure type="FAILED" message="Unable to accept alert (Root cause: No alert found)"/>
         <system-out><![CDATA[2018-06-24 17:57:17 - [TEST_CASE][FAILED] - Test Cases/logged_in_user/add_page: Test Cases/logged_in_user/add_page FAILED because (of) Unable to accept alert (Root cause: No alert found)

2018-06-24 17:57:17 - [TEST_STEP][PASSED] - openBrowser: Browser is opened with url: ''

2018-06-24 17:57:18 - [MESSAGE][PASSED] - Browser is opened with url: ''

2018-06-24 17:57:18 - [TEST_STEP][PASSED] - navigateToUrl: Navigate to 'http://localhost/microweber//admin' successfully

2018-06-24 17:57:18 - [MESSAGE][PASSED] - Navigate to 'http://localhost/microweber//admin' successfully

2018-06-24 17:57:18 - [TEST_STEP][FAILED] - acceptAlert: Unable to accept alert (Root cause: No alert found)

2018-06-24 17:57:19 - [MESSAGE][FAILED] - No alert found
[[ATTACHMENT|C:\\xampp\\htdocs\\selenium-tests\\tests\\mw_test\\Reports\\login_test\\20180624_175709\\1529852238522.png]]

2018-06-24 17:57:19 - [MESSAGE][FAILED] - Unable to accept alert (Root cause: No alert found)
[[ATTACHMENT|C:\\xampp\\htdocs\\selenium-tests\\tests\\mw_test\\Reports\\login_test\\20180624_175709\\1529852239204.png]]]]></system-out>
         <system-err><![CDATA[2018-06-24 17:57:17 - [TEST_CASE][FAILED] - Test Cases/logged_in_user/add_page: Test Cases/logged_in_user/add_page FAILED because (of) Unable to accept alert (Root cause: No alert found)]]></system-err>
      </testcase>
      <system-out><![CDATA[2018-06-24 17:57:10 - [TEST_SUITE][FAILED] - login_test: Test Cases/logged_in_user/add_page FAILED because (of) Unable to accept alert (Root cause: No alert found)]]></system-out>
      <system-err><![CDATA[2018-06-24 17:57:10 - [TEST_SUITE][FAILED] - login_test: Test Cases/logged_in_user/add_page FAILED because (of) Unable to accept alert (Root cause: No alert found)]]></system-err>
   </testsuite>
</testsuites>
